{"logTime": "0422/115441", "correlationVector":"jDCgScUJgW1gKeHJG184WI.1","action":"SyncServerConnectionManagerRequest", "result":"SYNC_SERVER_OK", "context":{"environment":"Prod_germanywestcentral_prod-s01-011-eur-germanywestcentral", "migrationStage":"NotStarted", "server":"akswtt003000014"}}
{"logTime": "0422/115441", "correlationVector":"jDCgScUJgW1gKeHJG184WI.2","action":"ProcessGetUpdates", "result":"Done", "context":{"dataType":"Encryption Keys", "deleted":"0", "process_failed_to_decrypt":"0", "process_pending_decryption":"0", "process_success":"1", "total":"1"}}
{"logTime": "0422/115442", "correlationVector":"vK4LEApFFLfJT1FeXidnqM","action":"SyncServerConnectionManagerRequest", "result":"SYNC_SERVER_OK", "context":{"environment":"", "migrationStage":"", "server":""}}
{"logTime": "0422/115442", "correlationVector":"vK4LEApFFLfJT1FeXidnqM.0","action":"EncryptionKeysFetcher.DownloadKeys:", "result":"Success", "context":Key count: 6, Last key timestamp: 2025-11-15T19:14:11Z}
{"logTime": "0422/115442", "correlationVector":"vK4LEApFFLfJT1FeXidnqM.1","action":"EncryptionKeysManager::SetEncryptionKeys:", "result":"Success", "context":Key names[6]:[b3cXBikmqkdLJ9ddPjH7KhLOwvEgPYHlljbfS7Q5wGQuvSiO6ne2KhMqfHZeAwEUT8pEgB/7ThKAUayNUH68uA==][wlxtbmx1cz3W/gu/N+oUq6XqL8yuhQ5E/pivEsFblSsUbRez/9TiY3Bg64CkUpHdBg1fofvc712nNznD5+M4sQ==][LoxhBclr7goJHl0kayNXAoDAXRAYLccoprvOZvuRNr1TjlFjtlE0itSzPAY9NX1VotinHnBnKqRqSwtSOSXvzg==][K0pHDthXWMz4hOFup4aVum8OFsSOxom6NJLPNsl8ticoogISmw3ErBVDJ4bonO5FGlmTW4qgZHDp+BRCuaeZAw==][KpS2ygdJcECWrpRa1U8o41KZEXoO9ELiHemwajuvM90i+SUKQSG7ly9NGuvK1LcuxjG/naN78GmIcyPUtTl2Vg==][W59atvtDSr1lNgbkDQgmYDn5aGqCIZUGjqxVjlemx9lPjy7euGkMfxeJFV5HX44DN8zsumQn1fujSE5LPZKKtw==]}
{"logTime": "0422/115442", "correlationVector":"vK4LEApFFLfJT1FeXidnqM.2","action":"EncryptionKeysManager::SetEncryptionKeysWithTimestamps:", "result":"Success", "context":Key timestamps[6]:[2021-04-14T15:02:35Z][2021-11-09T17:25:22Z][2022-12-21T16:08:58Z][2023-08-01T08:44:43Z][2024-01-09T23:01:19Z][2025-11-15T19:14:11Z]}
{"logTime": "0422/115442", "correlationVector":"jDCgScUJgW1gKeHJG184WI","action":"Initial GetUpdates", "result":"", "context":Reason: NEW_CLIENT. cV=jDCgScUJgW1gKeHJG184WI}
{"logTime": "0422/115442", "correlationVector":"jDCgScUJgW1gKeHJG184WI.3","action":"GetUpdates Response", "result":"Success", "context":Received 1 update(s). cV=jDCgScUJgW1gKeHJG184WI.0;server=akswtt003000014;cloudType=Consumer;environment=Prod_germanywestcentral_prod-s01-011-eur-germanywestcentral;migrationStage=NotStarted}
{"logTime": "0422/115442", "correlationVector":"Gn8R0SvDpvQRNdpxegcZ29","action":"Initial GetUpdates", "result":"", "context":Reason: NEWLY_SUPPORTED_DATATYPE. cV=Gn8R0SvDpvQRNdpxegcZ29}
{"logTime": "0422/115442", "correlationVector":"Gn8R0SvDpvQRNdpxegcZ29.1","action":"SyncServerConnectionManagerRequest", "result":"SYNC_SERVER_OK", "context":{"environment":"Prod_westeurope_prod-s01-079-eur-westeurope", "migrationStage":"NotStarted", "server":"akswtt001000005"}}
{"logTime": "0422/115442", "correlationVector":"Gn8R0SvDpvQRNdpxegcZ29.2","action":"ProcessGetUpdates", "result":"Done", "context":{"dataType":"Preferences", "deleted":"0", "process_failed_to_decrypt":"0", "process_pending_decryption":"0", "process_success":"55", "total":"55"}}
{"logTime": "0422/115442", "correlationVector":"Gn8R0SvDpvQRNdpxegcZ29.3","action":"ProcessGetUpdates", "result":"Done", "context":{"dataType":"Passwords", "deleted":"0", "process_failed_to_decrypt":"0", "process_pending_decryption":"0", "process_success":"179", "total":"179"}}
{"logTime": "0422/115442", "correlationVector":"Gn8R0SvDpvQRNdpxegcZ29.4","action":"ProcessGetUpdates", "result":"Done", "context":{"dataType":"Device Info", "deleted":"0", "process_failed_to_decrypt":"0", "process_pending_decryption":"0", "process_success":"7", "total":"7"}}
{"logTime": "0422/115508", "correlationVector":"uzE6LfZ+EDL4BLeB/04Bbt","action":"Normal GetUpdate request", "result":"", "context":cV=uzE6LfZ+EDL4BLeB/04Bbt
Nudged types: Sessions, History
Refresh requested types: Bookmarks, Preferences, Passwords, Autofill Profiles, Autofill, Extensions, Sessions, Extension settings, History Delete Directives, Device Info, User Consents, Send Tab To Self, Web Apps, History, Saved Tab Group, WebAuthn Credentials, Collection, Edge E Drop, Edge Hub App Usage, Edge Wallet, Edge Workspace, Encryption Keys}
{"logTime": "0422/115508", "correlationVector":"uzE6LfZ+EDL4BLeB/04Bbt.1","action":"SyncServerConnectionManagerRequest", "result":"SYNC_SERVER_OK", "context":{"environment":"Prod_westeurope_prod-s01-079-eur-westeurope", "migrationStage":"NotStarted", "server":"akswtt00100000e"}}
{"logTime": "0422/115508", "correlationVector":"uzE6LfZ+EDL4BLeB/04Bbt.2","action":"ProcessGetUpdates", "result":"Done", "context":{"dataType":"Sessions", "deleted":"0", "process_failed_to_decrypt":"0", "process_pending_decryption":"0", "process_success":"2", "total":"2"}}
{"logTime": "0422/115508", "correlationVector":"uzE6LfZ+EDL4BLeB/04Bbt.3","action":"ProcessGetUpdates", "result":"Done", "context":{"dataType":"History", "deleted":"0", "process_failed_to_decrypt":"0", "process_pending_decryption":"0", "process_success":"1", "total":"1"}}
{"logTime": "0422/115508", "correlationVector":"uzE6LfZ+EDL4BLeB/04Bbt.4","action":"GetUpdates Response", "result":"Success", "context":Received 3 update(s). cV=uzE6LfZ+EDL4BLeB/04Bbt.0;server=akswtt00100000e;cloudType=Consumer;environment=Prod_westeurope_prod-s01-079-eur-westeurope;migrationStage=NotStarted}
{"logTime": "0422/115508", "correlationVector":"oFTx2Azc3Fv1o/PPW/Yz3o","action":"Commit Request", "result":"", "context":Item count: 3
Contributing types: Sessions, History}
{"logTime": "0422/115509", "correlationVector":"oFTx2Azc3Fv1o/PPW/Yz3o.1","action":"SyncServerConnectionManagerRequest", "result":"SYNC_SERVER_OK", "context":{"environment":"Prod_germanywestcentral_prod-s01-011-eur-germanywestcentral", "migrationStage":"NotStarted", "server":"akswtt003000019"}}
{"logTime": "0422/115509", "correlationVector":"oFTx2Azc3Fv1o/PPW/Yz3o.2","action":"Commit Response", "result":"Success", "context":Result: Success. cV=oFTx2Azc3Fv1o/PPW/Yz3o.0;server=akswtt003000019;cloudType=Consumer;environment=Prod_germanywestcentral_prod-s01-011-eur-germanywestcentral;migrationStage=NotStarted}
