2026-04-22 11:53:54.828: [INFO][Sync] Reset engine, reason: 8
2026-04-22 11:53:54.828: [INFO][Sync] Stopped: Bookmarks
2026-04-22 11:53:54.828: [INFO][Sync] Stopped: Preferences
2026-04-22 11:53:54.829: [INFO][Sync] Stopped: Passwords
2026-04-22 11:53:54.829: [INFO][Sync] Stopped: Autofill Profiles
2026-04-22 11:53:54.829: [INFO][Sync] Stopped: Autofill
2026-04-22 11:53:54.829: [INFO][Sync] Stopped: Extensions
2026-04-22 11:53:54.829: [INFO][Sync] Stopped: Sessions
2026-04-22 11:53:54.829: [INFO][Sync] Stopped: Extension settings
2026-04-22 11:53:54.829: [INFO][Sync] Stopped: History Delete Directives
2026-04-22 11:53:54.829: [INFO][Sync] Stopped: Device Info
2026-04-22 11:53:54.829: [INFO][Sync] Stopped: User Consents
2026-04-22 11:53:54.829: [INFO][Sync] Stopped: Send Tab To Self
2026-04-22 11:53:54.829: [INFO][Sync] Stopped: Web Apps
2026-04-22 11:53:54.829: [INFO][Sync] Stopped: History
2026-04-22 11:53:54.829: [INFO][Sync] Stopped: Saved Tab Group
2026-04-22 11:53:54.829: [INFO][Sync] Stopped: WebAuthn Credentials
2026-04-22 11:53:54.829: [INFO][Sync] Stopped: Collection
2026-04-22 11:53:54.829: [INFO][Sync] Stopped: Edge E Drop
2026-04-22 11:53:54.829: [INFO][Sync] Stopped: Edge Hub App Usage
2026-04-22 11:53:54.829: [INFO][Sync] Stopped: Edge Wallet
2026-04-22 11:53:54.829: [INFO][Sync] Stopped: Edge Workspace
2026-04-22 11:53:54.829: [INFO][Sync] SyncState after authenticated was: NotSignedIn
2026-04-22 11:53:55.880: [INFO][Sync] Reset engine, reason: 8
2026-04-22 11:53:55.880: [INFO][Sync] Stopped: Bookmarks
2026-04-22 11:53:55.880: [INFO][Sync] Stopped: Preferences
2026-04-22 11:53:55.880: [INFO][Sync] Stopped: Passwords
2026-04-22 11:53:55.880: [INFO][Sync] Stopped: Autofill Profiles
2026-04-22 11:53:55.880: [INFO][Sync] Stopped: Autofill
2026-04-22 11:53:55.880: [INFO][Sync] Stopped: Extensions
2026-04-22 11:53:55.880: [INFO][Sync] Stopped: Sessions
2026-04-22 11:53:55.880: [INFO][Sync] Stopped: Extension settings
2026-04-22 11:53:55.880: [INFO][Sync] Stopped: History Delete Directives
2026-04-22 11:53:55.880: [INFO][Sync] Stopped: Device Info
2026-04-22 11:53:55.880: [INFO][Sync] Stopped: User Consents
2026-04-22 11:53:55.880: [INFO][Sync] Stopped: Send Tab To Self
2026-04-22 11:53:55.880: [INFO][Sync] Stopped: Web Apps
2026-04-22 11:53:55.880: [INFO][Sync] Stopped: History
2026-04-22 11:53:55.880: [INFO][Sync] Stopped: Saved Tab Group
2026-04-22 11:53:55.880: [INFO][Sync] Stopped: WebAuthn Credentials
2026-04-22 11:53:55.880: [INFO][Sync] Stopped: Collection
2026-04-22 11:53:55.880: [INFO][Sync] Stopped: Edge E Drop
2026-04-22 11:53:55.880: [INFO][Sync] Stopped: Edge Hub App Usage
2026-04-22 11:53:55.880: [INFO][Sync] Stopped: Edge Wallet
2026-04-22 11:53:55.880: [INFO][Sync] Stopped: Edge Workspace
2026-04-22 11:54:18.095: [INFO][Sync] Reset engine, reason: 8
2026-04-22 11:54:18.095: [INFO][Sync] Stopped: Bookmarks
2026-04-22 11:54:18.095: [INFO][Sync] Stopped: Preferences
2026-04-22 11:54:18.095: [INFO][Sync] Stopped: Passwords
2026-04-22 11:54:18.095: [INFO][Sync] Stopped: Autofill Profiles
2026-04-22 11:54:18.095: [INFO][Sync] Stopped: Autofill
2026-04-22 11:54:18.095: [INFO][Sync] Stopped: Extensions
2026-04-22 11:54:18.095: [INFO][Sync] Stopped: Sessions
2026-04-22 11:54:18.095: [INFO][Sync] Stopped: Extension settings
2026-04-22 11:54:18.095: [INFO][Sync] Stopped: History Delete Directives
2026-04-22 11:54:18.095: [INFO][Sync] Stopped: Device Info
2026-04-22 11:54:18.095: [INFO][Sync] Stopped: User Consents
2026-04-22 11:54:18.095: [INFO][Sync] Stopped: Send Tab To Self
2026-04-22 11:54:18.095: [INFO][Sync] Stopped: Web Apps
2026-04-22 11:54:18.095: [INFO][Sync] Stopped: History
2026-04-22 11:54:18.095: [INFO][Sync] Stopped: Saved Tab Group
2026-04-22 11:54:18.095: [INFO][Sync] Stopped: WebAuthn Credentials
2026-04-22 11:54:18.095: [INFO][Sync] Stopped: Collection
2026-04-22 11:54:18.095: [INFO][Sync] Stopped: Edge E Drop
2026-04-22 11:54:18.095: [INFO][Sync] Stopped: Edge Hub App Usage
2026-04-22 11:54:18.095: [INFO][Sync] Stopped: Edge Wallet
2026-04-22 11:54:18.095: [INFO][Sync] Stopped: Edge Workspace
2026-04-22 11:54:18.098: [INFO][Sync] SyncState after authenticated was: NotSignedIn
2026-04-22 11:54:18.680: [INFO][Sync] Reset engine, reason: 8
2026-04-22 11:54:18.680: [INFO][Sync] Stopped: Bookmarks
2026-04-22 11:54:18.680: [INFO][Sync] Stopped: Preferences
2026-04-22 11:54:18.680: [INFO][Sync] Stopped: Passwords
2026-04-22 11:54:18.680: [INFO][Sync] Stopped: Autofill Profiles
2026-04-22 11:54:18.680: [INFO][Sync] Stopped: Autofill
2026-04-22 11:54:18.680: [INFO][Sync] Stopped: Extensions
2026-04-22 11:54:18.680: [INFO][Sync] Stopped: Sessions
2026-04-22 11:54:18.680: [INFO][Sync] Stopped: Extension settings
2026-04-22 11:54:18.680: [INFO][Sync] Stopped: History Delete Directives
2026-04-22 11:54:18.680: [INFO][Sync] Stopped: Device Info
2026-04-22 11:54:18.680: [INFO][Sync] Stopped: User Consents
2026-04-22 11:54:18.680: [INFO][Sync] Stopped: Send Tab To Self
2026-04-22 11:54:18.680: [INFO][Sync] Stopped: Web Apps
2026-04-22 11:54:18.680: [INFO][Sync] Stopped: History
2026-04-22 11:54:18.680: [INFO][Sync] Stopped: Saved Tab Group
2026-04-22 11:54:18.680: [INFO][Sync] Stopped: WebAuthn Credentials
2026-04-22 11:54:18.680: [INFO][Sync] Stopped: Collection
2026-04-22 11:54:18.680: [INFO][Sync] Stopped: Edge E Drop
2026-04-22 11:54:18.680: [INFO][Sync] Stopped: Edge Hub App Usage
2026-04-22 11:54:18.680: [INFO][Sync] Stopped: Edge Wallet
2026-04-22 11:54:18.680: [INFO][Sync] Stopped: Edge Workspace
2026-04-22 11:54:26.609: [INFO][Sync] Reset engine, reason: 8
2026-04-22 11:54:26.609: [INFO][Sync] Stopped: Bookmarks
2026-04-22 11:54:26.609: [INFO][Sync] Stopped: Preferences
2026-04-22 11:54:26.609: [INFO][Sync] Stopped: Passwords
2026-04-22 11:54:26.609: [INFO][Sync] Stopped: Autofill Profiles
2026-04-22 11:54:26.609: [INFO][Sync] Stopped: Autofill
2026-04-22 11:54:26.609: [INFO][Sync] Stopped: Extensions
2026-04-22 11:54:26.609: [INFO][Sync] Stopped: Sessions
2026-04-22 11:54:26.609: [INFO][Sync] Stopped: Extension settings
2026-04-22 11:54:26.609: [INFO][Sync] Stopped: History Delete Directives
2026-04-22 11:54:26.609: [INFO][Sync] Stopped: Device Info
2026-04-22 11:54:26.609: [INFO][Sync] Stopped: User Consents
2026-04-22 11:54:26.609: [INFO][Sync] Stopped: Send Tab To Self
2026-04-22 11:54:26.609: [INFO][Sync] Stopped: Web Apps
2026-04-22 11:54:26.609: [INFO][Sync] Stopped: History
2026-04-22 11:54:26.609: [INFO][Sync] Stopped: Saved Tab Group
2026-04-22 11:54:26.609: [INFO][Sync] Stopped: WebAuthn Credentials
2026-04-22 11:54:26.609: [INFO][Sync] Stopped: Collection
2026-04-22 11:54:26.609: [INFO][Sync] Stopped: Edge E Drop
2026-04-22 11:54:26.609: [INFO][Sync] Stopped: Edge Hub App Usage
2026-04-22 11:54:26.609: [INFO][Sync] Stopped: Edge Wallet
2026-04-22 11:54:26.609: [INFO][Sync] Stopped: Edge Workspace
2026-04-22 11:54:26.609: [INFO][Sync] SyncState after authenticated was: NotSignedIn
2026-04-22 11:54:27.086: [INFO][Sync] Reset engine, reason: 8
2026-04-22 11:54:27.086: [INFO][Sync] Stopped: Bookmarks
2026-04-22 11:54:27.086: [INFO][Sync] Stopped: Preferences
2026-04-22 11:54:27.086: [INFO][Sync] Stopped: Passwords
2026-04-22 11:54:27.086: [INFO][Sync] Stopped: Autofill Profiles
2026-04-22 11:54:27.086: [INFO][Sync] Stopped: Autofill
2026-04-22 11:54:27.086: [INFO][Sync] Stopped: Extensions
2026-04-22 11:54:27.086: [INFO][Sync] Stopped: Sessions
2026-04-22 11:54:27.086: [INFO][Sync] Stopped: Extension settings
2026-04-22 11:54:27.086: [INFO][Sync] Stopped: History Delete Directives
2026-04-22 11:54:27.086: [INFO][Sync] Stopped: Device Info
2026-04-22 11:54:27.086: [INFO][Sync] Stopped: User Consents
2026-04-22 11:54:27.086: [INFO][Sync] Stopped: Send Tab To Self
2026-04-22 11:54:27.086: [INFO][Sync] Stopped: Web Apps
2026-04-22 11:54:27.086: [INFO][Sync] Stopped: History
2026-04-22 11:54:27.086: [INFO][Sync] Stopped: Saved Tab Group
2026-04-22 11:54:27.086: [INFO][Sync] Stopped: WebAuthn Credentials
2026-04-22 11:54:27.086: [INFO][Sync] Stopped: Collection
2026-04-22 11:54:27.086: [INFO][Sync] Stopped: Edge E Drop
2026-04-22 11:54:27.086: [INFO][Sync] Stopped: Edge Hub App Usage
2026-04-22 11:54:27.086: [INFO][Sync] Stopped: Edge Wallet
2026-04-22 11:54:27.086: [INFO][Sync] Stopped: Edge Workspace
2026-04-22 11:54:29.280: [INFO][Sync] Try to start sync engine
2026-04-22 11:54:29.290: [INFO][SyncManagerImpl::NudgeForInitialDownload] Initial download nudge for Encryption Keys
2026-04-22 11:54:29.290: [INFO][SyncEngineBackend::LoadAndConnectNigoriController] Load and connect Nigori controller
2026-04-22 11:54:29.290: [INFO][SyncEngineBackend::DoInitialize] Control Types added: Encryption Keys
2026-04-22 11:54:29.290: [INFO][SyncManagerImpl::ConfigureSyncer] Types to download: Encryption Keys with reason: 3
2026-04-22 11:54:29.290: [INFO][SyncSchedulerImpl::DoConfigurationSyncCycleJob] Configure job was blocked
2026-04-22 11:54:39.401: [INFO][Sync] SyncState after authenticated was: FeatureCanStart
2026-04-22 11:54:39.841: [INFO][Sync] Try to start sync engine
2026-04-22 11:54:39.842: [INFO][SyncManagerImpl::NudgeForInitialDownload] Initial download nudge for Encryption Keys
2026-04-22 11:54:39.842: [INFO][SyncEngineBackend::LoadAndConnectNigoriController] Load and connect Nigori controller
2026-04-22 11:54:39.842: [INFO][SyncEngineBackend::DoInitialize] Control Types added: Encryption Keys
2026-04-22 11:54:39.842: [INFO][SyncManagerImpl::ConfigureSyncer] Types to download: Encryption Keys with reason: 3
2026-04-22 11:54:39.842: [INFO][SyncSchedulerImpl::DoConfigurationSyncCycleJob] Configure job was blocked
2026-04-22 11:54:40.087: [INFO][SyncAuthManager::SetLastAuthError] Current auth error: None
2026-04-22 11:54:40.087: [INFO][SyncAuthManager::EdgeLogTokenErrorState] Token error with: None for account type: MSA
2026-04-22 11:54:40.087: [INFO][Sync] Credentials changed for: EdgeSyncScopeNew
2026-04-22 11:54:40.715: [INFO][SyncAuthManager::SetLastAuthError] Current auth error: None
2026-04-22 11:54:40.715: [INFO][SyncAuthManager::EdgeLogTokenErrorState] Token error with: None for account type: MSA
2026-04-22 11:54:40.715: [INFO][Sync] Credentials changed for: EdgeSyncKeyDataScope
2026-04-22 11:54:40.717: [INFO][SyncEngineBackend::DoUpdateKeyDataCredentials] Update key data credentials
2026-04-22 11:54:40.717: [INFO][SyncEngineBackend::DoUpdateCredentials] Update credentials
2026-04-22 11:54:40.717: [INFO][SyncSchedulerImpl::DoConfigurationSyncCycleJob] Blocked types:  and types to download: Encryption Keys
2026-04-22 11:54:41.362: [INFO][Sync] Started DataTypeManager configuration, reason: 4
2026-04-22 11:54:41.362: [INFO][Sync] Configuring for: Bookmarks, Preferences, Passwords, Autofill Profiles, Autofill, Extensions, Sessions, Extension settings, History Delete Directives, Device Info, User Consents, Send Tab To Self, Web Apps, History, Saved Tab Group, WebAuthn Credentials, Collection, Edge E Drop, Edge Hub App Usage, Edge Wallet, Edge Workspace, Encryption Keys, reason: 3, current state: 0
2026-04-22 11:54:41.362: [WARN][Sync] Crypto error data types: Passwords, Autofill Profiles, Autofill
2026-04-22 11:54:41.372: [INFO][Sync] Configure, desired: Bookmarks, Preferences, Extensions, Sessions, Extension settings, History Delete Directives, Device Info, User Consents, Send Tab To Self, Web Apps, History, Saved Tab Group, WebAuthn Credentials, Collection, Edge E Drop, Edge Hub App Usage, Edge Wallet, Edge Workspace, Encryption Keys; Allow fail: Passwords, Autofill Profiles, Autofill
2026-04-22 11:54:41.372: [INFO][Sync] Loading: Bookmarks
2026-04-22 11:54:41.372: [INFO][Sync] Loading: Preferences
2026-04-22 11:54:41.372: [INFO][Sync] Loading: Extensions
2026-04-22 11:54:41.372: [INFO][Sync] Loading: Sessions
2026-04-22 11:54:41.372: [INFO][Sync] Loading: Extension settings
2026-04-22 11:54:41.372: [INFO][Sync] Loading: History Delete Directives
2026-04-22 11:54:41.372: [INFO][Sync] Loading: Device Info
2026-04-22 11:54:41.372: [INFO][Sync] Loading: User Consents
2026-04-22 11:54:41.372: [INFO][Sync] Loading: Send Tab To Self
2026-04-22 11:54:41.372: [INFO][Sync] Loading: Web Apps
2026-04-22 11:54:41.372: [INFO][Sync] Loading: History
2026-04-22 11:54:41.372: [INFO][Sync] Loading: Saved Tab Group
2026-04-22 11:54:41.372: [INFO][Sync] Loading: WebAuthn Credentials
2026-04-22 11:54:41.372: [INFO][Sync] Loading: Collection
2026-04-22 11:54:41.372: [INFO][Sync] Loading: Edge E Drop
2026-04-22 11:54:41.372: [INFO][Sync] Loading: Edge Hub App Usage
2026-04-22 11:54:41.372: [INFO][Sync] Loading: Edge Wallet
2026-04-22 11:54:41.372: [INFO][Sync] Loading: Edge Workspace
2026-04-22 11:54:41.407: [INFO][Sync] All data types are ready for configure.
2026-04-22 11:54:42.091: [INFO][Sync] Started DataTypeManager configuration, reason: 5
2026-04-22 11:54:42.091: [INFO][Sync] Configuring for: Bookmarks, Preferences, Passwords, Autofill Profiles, Autofill, Extensions, Sessions, Extension settings, History Delete Directives, Device Info, User Consents, Send Tab To Self, Web Apps, History, Saved Tab Group, WebAuthn Credentials, Collection, Edge E Drop, Edge Hub App Usage, Edge Wallet, Edge Workspace, Encryption Keys, reason: 5, current state: 1
2026-04-22 11:54:42.097: [INFO][SyncEngineBackend::DoStartConfiguration] Start configuration
2026-04-22 11:54:42.098: [INFO][SyncManagerImpl::NudgeForInitialDownload] Initial download nudge for Bookmarks
2026-04-22 11:54:42.098: [INFO][SyncManagerImpl::NudgeForInitialDownload] Initial download nudge for Preferences
2026-04-22 11:54:42.098: [INFO][SyncManagerImpl::NudgeForInitialDownload] Initial download nudge for Extensions
2026-04-22 11:54:42.098: [INFO][SyncManagerImpl::NudgeForInitialDownload] Initial download nudge for Sessions
2026-04-22 11:54:42.098: [INFO][SyncManagerImpl::NudgeForInitialDownload] Initial download nudge for Extension settings
2026-04-22 11:54:42.100: [INFO][SyncManagerImpl::NudgeForInitialDownload] Initial download nudge for History Delete Directives
2026-04-22 11:54:42.100: [INFO][SyncManagerImpl::NudgeForInitialDownload] Initial download nudge for Device Info
2026-04-22 11:54:42.100: [INFO][SyncManagerImpl::NudgeForInitialDownload] Initial download nudge for Send Tab To Self
2026-04-22 11:54:42.101: [INFO][SyncManagerImpl::NudgeForInitialDownload] Initial download nudge for Web Apps
2026-04-22 11:54:42.102: [INFO][SyncManagerImpl::NudgeForInitialDownload] Initial download nudge for History
2026-04-22 11:54:42.102: [INFO][SyncManagerImpl::NudgeForInitialDownload] Initial download nudge for Saved Tab Group
2026-04-22 11:54:42.102: [INFO][SyncManagerImpl::NudgeForInitialDownload] Initial download nudge for WebAuthn Credentials
2026-04-22 11:54:42.102: [INFO][SyncManagerImpl::NudgeForInitialDownload] Initial download nudge for Collection
2026-04-22 11:54:42.102: [INFO][SyncManagerImpl::NudgeForInitialDownload] Initial download nudge for Edge E Drop
2026-04-22 11:54:42.102: [INFO][SyncManagerImpl::NudgeForInitialDownload] Initial download nudge for Edge Hub App Usage
2026-04-22 11:54:42.102: [INFO][SyncManagerImpl::NudgeForInitialDownload] Initial download nudge for Edge Wallet
2026-04-22 11:54:42.103: [INFO][SyncManagerImpl::NudgeForInitialDownload] Initial download nudge for Edge Workspace
2026-04-22 11:54:42.103: [INFO][SyncManagerImpl::ConfigureSyncer] Types to download:  with reason: 3
2026-04-22 11:54:42.103: [INFO][SyncEngineBackend::DoFinishConfigureDataTypes] Failed to download types:  and succeeded types: 
2026-04-22 11:54:42.105: [INFO][Sync] ConfigurationDone, failed: , succeeded: , remaining count: 4
2026-04-22 11:54:42.105: [WARN][Sync]     Reconfigure requested while configuration ongoing.
2026-04-22 11:54:42.105: [INFO][Sync] Configuring for: Bookmarks, Preferences, Passwords, Autofill Profiles, Autofill, Extensions, Sessions, Extension settings, History Delete Directives, Device Info, User Consents, Send Tab To Self, Web Apps, History, Saved Tab Group, WebAuthn Credentials, Collection, Edge E Drop, Edge Hub App Usage, Edge Wallet, Edge Workspace, Encryption Keys, reason: 5, current state: 2
2026-04-22 11:54:42.105: [INFO][Sync] Configure, desired: Bookmarks, Preferences, Passwords, Autofill Profiles, Autofill, Extensions, Sessions, Extension settings, History Delete Directives, Device Info, User Consents, Send Tab To Self, Web Apps, History, Saved Tab Group, WebAuthn Credentials, Collection, Edge E Drop, Edge Hub App Usage, Edge Wallet, Edge Workspace, Encryption Keys; Allow fail: 
2026-04-22 11:54:42.105: [INFO][Sync] Loading: Passwords
2026-04-22 11:54:42.105: [INFO][Sync] Loading: Autofill Profiles
2026-04-22 11:54:42.105: [INFO][Sync] Loading: Autofill
2026-04-22 11:54:42.107: [INFO][Sync] All data types are ready for configure.
2026-04-22 11:54:42.107: [INFO][SyncManagerImpl::NudgeForInitialDownload] Initial download nudge for Passwords
2026-04-22 11:54:42.107: [INFO][SyncManagerImpl::NudgeForInitialDownload] Initial download nudge for Autofill Profiles
2026-04-22 11:54:42.107: [INFO][SyncManagerImpl::NudgeForInitialDownload] Initial download nudge for Autofill
2026-04-22 11:54:42.107: [INFO][SyncManagerImpl::ConfigureSyncer] Types to download:  with reason: 5
2026-04-22 11:54:42.107: [INFO][SyncEngineBackend::DoFinishConfigureDataTypes] Failed to download types:  and succeeded types: 
2026-04-22 11:54:42.107: [INFO][Sync] ConfigurationDone, failed: , succeeded: , remaining count: 4
2026-04-22 11:54:42.107: [INFO][Sync] Prepare to configure types: Preferences, Passwords, Device Info, Send Tab To Self, Edge E Drop, Encryption Keys
2026-04-22 11:54:42.107: [INFO][SyncManagerImpl::ConfigureSyncer] Types to download: Preferences, Passwords, Device Info, Send Tab To Self, Edge E Drop, Encryption Keys with reason: 5
2026-04-22 11:54:42.108: [INFO][SyncSchedulerImpl::DoConfigurationSyncCycleJob] Blocked types:  and types to download: Preferences, Passwords, Device Info, Send Tab To Self, Edge E Drop, Encryption Keys
2026-04-22 11:54:42.863: [INFO][SyncEngineBackend::DoFinishConfigureDataTypes] Failed to download types:  and succeeded types: Preferences, Passwords, Device Info, Send Tab To Self, Edge E Drop, Encryption Keys
2026-04-22 11:54:49.472: [INFO][Sync] SyncState after authenticated was: FeatureCanStart
2026-04-22 11:54:50.069: [INFO][Sync] Try to start sync engine
2026-04-22 11:54:50.089: [INFO][SyncEngineBackend::LoadAndConnectNigoriController] Load and connect Nigori controller
2026-04-22 11:54:50.089: [INFO][SyncEngineBackend::DoInitialize] Control Types added: 
2026-04-22 11:54:50.089: [INFO][SyncManagerImpl::ConfigureSyncer] Types to download:  with reason: 4
2026-04-22 11:54:50.187: [INFO][Sync] Started DataTypeManager configuration, reason: 4
2026-04-22 11:54:50.187: [INFO][Sync] Configuring for: Bookmarks, Preferences, Passwords, Autofill Profiles, Autofill, Extensions, Sessions, Extension settings, History Delete Directives, Device Info, User Consents, Send Tab To Self, Web Apps, History, Saved Tab Group, WebAuthn Credentials, Collection, Edge E Drop, Edge Hub App Usage, Edge Wallet, Edge Workspace, Encryption Keys, reason: 4, current state: 0
2026-04-22 11:54:50.187: [INFO][SyncEngineBackend::DoStartConfiguration] Start configuration
2026-04-22 11:54:50.193: [INFO][Sync] Configure, desired: Bookmarks, Preferences, Passwords, Autofill Profiles, Autofill, Extensions, Sessions, Extension settings, History Delete Directives, Device Info, User Consents, Send Tab To Self, Web Apps, History, Saved Tab Group, WebAuthn Credentials, Collection, Edge E Drop, Edge Hub App Usage, Edge Wallet, Edge Workspace, Encryption Keys; Allow fail: 
2026-04-22 11:54:50.193: [INFO][Sync] Loading: Bookmarks
2026-04-22 11:54:50.193: [INFO][Sync] Loading: Preferences
2026-04-22 11:54:50.193: [INFO][Sync] Loading: Passwords
2026-04-22 11:54:50.193: [INFO][Sync] Loading: Autofill Profiles
2026-04-22 11:54:50.193: [INFO][Sync] Loading: Autofill
2026-04-22 11:54:50.193: [INFO][Sync] Loading: Extensions
2026-04-22 11:54:50.193: [INFO][Sync] Loading: Sessions
2026-04-22 11:54:50.193: [INFO][Sync] Loading: Extension settings
2026-04-22 11:54:50.193: [INFO][Sync] Loading: History Delete Directives
2026-04-22 11:54:50.194: [INFO][Sync] Loading: Device Info
2026-04-22 11:54:50.194: [INFO][Sync] Loading: User Consents
2026-04-22 11:55:06.308: [INFO][Sync] SyncState after authenticated was: FeatureCanStart
2026-04-22 11:55:06.874: [INFO][Sync] Try to start sync engine
2026-04-22 11:55:06.896: [INFO][SyncEngineBackend::LoadAndConnectNigoriController] Load and connect Nigori controller
2026-04-22 11:55:06.896: [INFO][SyncEngineBackend::DoInitialize] Control Types added: 
2026-04-22 11:55:06.896: [INFO][SyncManagerImpl::ConfigureSyncer] Types to download:  with reason: 4
2026-04-22 11:55:06.957: [INFO][Sync] Started DataTypeManager configuration, reason: 4
2026-04-22 11:55:06.957: [INFO][Sync] Configuring for: Bookmarks, Preferences, Passwords, Autofill Profiles, Autofill, Extensions, Sessions, Extension settings, History Delete Directives, Device Info, User Consents, Send Tab To Self, Web Apps, History, Saved Tab Group, WebAuthn Credentials, Collection, Edge E Drop, Edge Hub App Usage, Edge Wallet, Edge Workspace, Encryption Keys, reason: 4, current state: 0
2026-04-22 11:55:06.960: [INFO][SyncEngineBackend::DoStartConfiguration] Start configuration
2026-04-22 11:55:06.960: [INFO][Sync] Configure, desired: Bookmarks, Preferences, Passwords, Autofill Profiles, Autofill, Extensions, Sessions, Extension settings, History Delete Directives, Device Info, User Consents, Send Tab To Self, Web Apps, History, Saved Tab Group, WebAuthn Credentials, Collection, Edge E Drop, Edge Hub App Usage, Edge Wallet, Edge Workspace, Encryption Keys; Allow fail: 
2026-04-22 11:55:06.964: [INFO][Sync] Loading: Bookmarks
2026-04-22 11:55:06.964: [INFO][Sync] Loading: Preferences
2026-04-22 11:55:06.964: [INFO][Sync] Loading: Passwords
2026-04-22 11:55:06.964: [INFO][Sync] Loading: Autofill Profiles
2026-04-22 11:55:06.964: [INFO][Sync] Loading: Autofill
2026-04-22 11:55:06.964: [INFO][Sync] Loading: Extensions
2026-04-22 11:55:06.964: [INFO][Sync] Loading: Sessions
2026-04-22 11:55:06.964: [INFO][Sync] Loading: Extension settings
2026-04-22 11:55:06.964: [INFO][Sync] Loading: History Delete Directives
2026-04-22 11:55:06.964: [INFO][Sync] Loading: Device Info
2026-04-22 11:55:06.964: [INFO][Sync] Loading: User Consents
2026-04-22 11:55:06.964: [INFO][Sync] Loading: Send Tab To Self
2026-04-22 11:55:06.964: [INFO][Sync] Loading: Web Apps
2026-04-22 11:55:06.964: [INFO][Sync] Loading: History
2026-04-22 11:55:06.964: [INFO][Sync] Loading: Saved Tab Group
2026-04-22 11:55:06.964: [INFO][Sync] Loading: WebAuthn Credentials
2026-04-22 11:55:06.964: [INFO][Sync] Loading: Collection
2026-04-22 11:55:06.964: [INFO][Sync] Loading: Edge E Drop
2026-04-22 11:55:06.964: [INFO][Sync] Loading: Edge Hub App Usage
2026-04-22 11:55:06.964: [INFO][Sync] Loading: Edge Wallet
2026-04-22 11:55:06.964: [INFO][Sync] Loading: Edge Workspace
2026-04-22 11:55:06.988: [INFO][SyncAuthManager::SetLastAuthError] Current auth error: None
2026-04-22 11:55:06.988: [INFO][SyncAuthManager::EdgeLogTokenErrorState] Token error with: None for account type: MSA
2026-04-22 11:55:06.988: [INFO][Sync] Credentials changed for: EdgeSyncScopeNew
2026-04-22 11:55:08.259: [INFO][Sync] All data types are ready for configure.
2026-04-22 11:55:08.260: [INFO][SyncManagerImpl::ConfigureSyncer] Types to download:  with reason: 4
2026-04-22 11:55:08.260: [INFO][SyncEngineBackend::DoFinishConfigureDataTypes] Failed to download types:  and succeeded types: 
2026-04-22 11:55:08.260: [INFO][Sync] ConfigurationDone, failed: , succeeded: , remaining count: 4
2026-04-22 11:55:08.260: [INFO][SyncManagerImpl::ConfigureSyncer] Types to download:  with reason: 4
2026-04-22 11:55:08.260: [INFO][SyncEngineBackend::DoFinishConfigureDataTypes] Failed to download types:  and succeeded types: 
2026-04-22 11:55:08.260: [INFO][Sync] ConfigurationDone, failed: , succeeded: , remaining count: 3
2026-04-22 11:55:08.261: [INFO][SyncManagerImpl::ConfigureSyncer] Types to download:  with reason: 4
2026-04-22 11:55:08.261: [INFO][SyncEngineBackend::DoFinishConfigureDataTypes] Failed to download types:  and succeeded types: 
2026-04-22 11:55:08.261: [INFO][Sync] ConfigurationDone, failed: , succeeded: , remaining count: 2
2026-04-22 11:55:08.261: [INFO][SyncManagerImpl::ConfigureSyncer] Types to download:  with reason: 4
2026-04-22 11:55:08.261: [INFO][SyncEngineBackend::DoFinishConfigureDataTypes] Failed to download types:  and succeeded types: 
2026-04-22 11:55:08.261: [INFO][Sync] ConfigurationDone, failed: , succeeded: , remaining count: 1
2026-04-22 11:55:08.266: [INFO][SyncManagerImpl::ConfigureSyncer] Types to download:  with reason: 4
2026-04-22 11:55:08.266: [INFO][SyncEngineBackend::DoFinishConfigureDataTypes] Failed to download types:  and succeeded types: 
2026-04-22 11:55:08.266: [INFO][Sync] ConfigurationDone, failed: , succeeded: , remaining count: 0
2026-04-22 11:55:08.271: [INFO][Sync]     Configuration completed, state: 3
2026-04-22 11:55:08.271: [INFO][Sync] Configured DataTypeManager: Ok
2026-04-22 11:55:08.277: [INFO][SyncEngineBackend::DoStartSyncing] Start syncing
2026-04-22 11:55:08.383: [INFO][SyncAuthManager::SetLastAuthError] Current auth error: None
2026-04-22 11:55:08.383: [INFO][SyncAuthManager::EdgeLogTokenErrorState] Token error with: None for account type: MSA
2026-04-22 11:55:08.383: [INFO][Sync] Credentials changed for: EdgeSyncKeyDataScope
2026-04-22 11:55:08.384: [INFO][SyncEngineBackend::DoUpdateKeyDataCredentials] Update key data credentials
2026-04-22 11:55:08.384: [INFO][SyncEngineBackend::DoUpdateCredentials] Update credentials
2026-04-22 11:55:11.433: [INFO][Sync] Reset engine, reason: 0
2026-04-22 11:55:11.433: [INFO][Sync] Reset engine with reason: 0
